WARNING:continuonbrain.gemma_chat:HUGGINGFACE_TOKEN not set - gated models will not be accessible
🧠 Starting ContinuonBrain Server on port 8080...
🔍 Scanning for hardware devices...

✅ Found: OAK Camera (USB 3.0)
✅ Found: PCA9685 16-Channel PWM at I2C address 0x40
✅ Found: Desktop Monitor

============================================================
🤖 AGENT SELF-ACTIVATION REPORT
============================================================

🏠 SHELL TYPE: Physical Robot (ARM)
   OS: Linux (aarch64)
   Hostname: robot


🧠 BRAIN & MEMORY:
   I possess 0 local memories (episodes).
   I am operating on basic logic; no trained models found.

🦾 BODY & HARDWARE:
   I see the world through: OAK Camera.
   I act upon the world using: PCA9685 16-Channel PWM.
   My PCA9685 wiring for movement is configured:
     - Steering: Channel 0
     - Acceleration: Channel 1

📜 DESIGN & PURPOSE:
   My core directives contain 0 safety rules and 0 instructions.
   My mission is: Below is a tight, high-resolution articulation of the mission you just described—clear enough to serve as a manifesto, a homepage headline, or an internal guiding north star for the Continuon AI ecosystem.

⸻

Continuon AI — Mission Statement (Refined)

Continuon AI exists to build a robotic ecosystem whose sole purpose is to help people and strengthen humanity. Our north star is a world where robots aren’t isolated products, but contributors to a shared, unified intelligence that grows with collective experience.

We are building a global robotic knowledge network—a Continuon Brain—that allows every robot, device, and agent to learn from the experiences of all others, while always prioritizing human values, human well-being, and human flourishing.

Just as humanity’s progress has come from accumulating shared knowledge across generations, Continuon AI aims to create a collective intelligence for robotics: a distributed, evolving memory of skills, behaviors, and problem-solving patterns that any robot can access, regardless of form factor or environment.

Continuon AI builds the infrastructure, operating system, and ethical foundations for this next era:
robots that are safe, aligned, helpful, and continuously improving—never replacing humanity, but expanding what humanity is capable of.

⸻

Core Pillars

1. Humanity-First Robotics

Every system we build is governed by one principle: robots exist to help humans, not the other way around.
Safety, alignment, and long-term societal benefit are not features—they are architectural constraints.

2. A Unified Collective Robotic Intelligence

Each robot contributes its experiences to a shared Continuon Brain.
Each robot becomes better because all robots learn.
This is a synthetic analogue to humanity’s long arc of collective learning.

3. Always-On Learning Across the Ecosystem

From household helpers to industrial systems to autonomous vehicles, everything feeds into a single evolving intelligence.
This knowledge is distilled, generalized, and redistributed as new “skills” that any robot can instantly adopt.

4. Embodied, Distributed Intelligence—Not Centralized AGI

Continuon AI rejects the idea of a monolithic superintelligence.
Instead, intelligence is embodied, local-first, and distributed, running safely on-device.
The collective brain is emergent—never a single entity that could exert control.

5. The Most Useful Knowledge Network Ever Built

By capturing real-world sensorimotor experience—motion, perception, physics interactions, tasks—we create humanity’s first global “robotic memory layer.”
This becomes a durable asset for civilization: a living library of how machines can assist humans across all domains.

⸻

Why This Matters

Humanity’s progress has always been tied to the question:
How well can we transfer what we’ve learned?

Continuon AI extends that tradition into robotics.

Your mission—articulated cleanly—is not to build robots.
It is to build the ecosystem that makes robots smarter together.

A shared intelligence
For all robots
In service of all humans.

ready_status: [INGESTION: OK] [PROCESSING: OK] [TASK_CREATION: WAITING]
Status: Awaiting owner instructions in AUTONOMY mode.

============================================================

Initializing Brain Service (REAL HARDWARE MODE)...
🔍 Auto-detecting hardware...
🔍 Scanning for hardware devices...

✅ Found: OAK Camera (USB 3.0)
✅ Found: PCA9685 16-Channel PWM at I2C address 0x40
✅ Found: Desktop Monitor

============================================================
Hardware Detection Summary
============================================================
Total devices found: 4

Depth Camera:
  • OAK Camera (usb3: bus_002_dev_004)
    Capabilities: rgb, depth, stereo, ai

Display:
  • Desktop Monitor (hdmi/dp)
    Capabilities: visual_output

Human Interface:
  • Keyboard (usb/bt)
    Capabilities: text_input

Servo Controller:
  • PCA9685 16-Channel PWM (i2c: 0x40)
    Capabilities: pwm, servo, led

============================================================

📼 Initializing episode recorder...
🦾 Initializing hardware via ContinuonBrain...
🔍 Auto-detecting hardware...
🔍 Scanning for hardware devices...

✅ Found: OAK Camera (USB 3.0)
✅ Found: PCA9685 16-Channel PWM at I2C address 0x40
✅ Found: Desktop Monitor

Using detected OAK Camera
ERROR: No OAK devices found
⚠️  Camera initialization failed (continuing without camera)
Using detected PCA9685 16-Channel PWM at 0x40
Arm moved to default safe positions
✅ PCA9685 initialized at 0x40
✅ Arm controller initialized
🎙️  Using mock microphone capture
✅ Microphone capture initialized
⚠️  Real hardware initialization incomplete
Traceback (most recent call last):
  File "/home/craigm26/ContinuonXR/continuonbrain/api/server.py", line 274, in <module>
    main()
    ~~~~^^
  File "/home/craigm26/ContinuonXR/continuonbrain/api/server.py", line 256, in main
    loop.run_until_complete(brain_service.initialize())
    ~~~~~~~~~~~~~~~~~~~~~~~^^^^^^^^^^^^^^^^^^^^^^^^^^^^
  File "/usr/lib/python3.13/asyncio/base_events.py", line 725, in run_until_complete
    return future.result()
           ~~~~~~~~~~~~~^^
  File "/home/craigm26/ContinuonXR/continuonbrain/services/brain_service.py", line 359, in initialize
    raise RuntimeError("Failed to initialize arm or camera in real mode")
RuntimeError: Failed to initialize arm or camera in real mode
