[2025-12-10 18:05:10.385] [3813] [HailoRT] [info] [device.cpp:51] [Device] OS Version: Linux 6.12.47+rpt-rpi-2712 #1 SMP PREEMPT Debian 1:6.12.47-1+rpt1 (2025-09-16) aarch64
[2025-12-10 18:05:10.386] [3813] [HailoRT] [info] [control.cpp:113] [control__parse_identify_results] firmware_version is: 4.23.0
[2025-12-10 18:05:10.386] [3813] [HailoRT] [info] [control.cpp:113] [control__parse_identify_results] firmware_version is: 4.23.0
[2025-12-10 18:09:13.287] [2667] [HailoRT] [info] [vdevice.cpp:535] [create] Creating vdevice with params: device_count: 1, scheduling_algorithm: NONE, multi_process_service: false
[2025-12-10 18:09:13.303] [2667] [HailoRT] [info] [device.cpp:51] [Device] OS Version: Linux 6.12.47+rpt-rpi-2712 #1 SMP PREEMPT Debian 1:6.12.47-1+rpt1 (2025-09-16) aarch64
[2025-12-10 18:09:13.303] [2667] [HailoRT] [info] [control.cpp:113] [control__parse_identify_results] firmware_version is: 4.23.0
[2025-12-10 18:09:13.303] [2667] [HailoRT] [info] [vdevice.cpp:682] [create] VDevice Infos: 0001:01:00.0
[2025-12-10 18:09:13.317] [2667] [HailoRT] [info] [internal_buffer_manager.cpp:75] [print_execution_results] Default Internal buffer planner failed to meet requirements
[2025-12-10 18:09:13.317] [2667] [HailoRT] [info] [internal_buffer_manager.cpp:86] [print_execution_results] Default Internal buffer planner executed successfully
[2025-12-10 18:09:13.335] [2667] [HailoRT] [info] [device_internal.cpp:57] [configure] Configuring HEF took 30.95173 milliseconds
[2025-12-10 18:09:13.335] [2667] [HailoRT] [info] [vdevice.cpp:780] [configure] Configuring HEF on VDevice took 31.738982 milliseconds
[2025-12-10 18:09:13.335] [2667] [HailoRT] [info] [control.cpp:113] [control__parse_identify_results] firmware_version is: 4.23.0
[2025-12-10 18:09:13.336] [2667] [HailoRT] [info] [control.cpp:113] [control__parse_identify_results] firmware_version is: 4.23.0
[2025-12-10 18:09:13.336] [2667] [HailoRT] [info] [core_op.cpp:156] [activate] Activating resnet_v1_18 took 0.225553 milliseconds. Note that the function is asynchronous and thus the network is not fully activated yet.
[2025-12-10 18:09:13.336] [2667] [HailoRT] [info] [core_op.cpp:156] [activate] Activating resnet_v1_18 took 0.241517 milliseconds. Note that the function is asynchronous and thus the network is not fully activated yet.
[2025-12-10 18:09:13.338] [2667] [HailoRT] [info] [control.cpp:113] [control__parse_identify_results] firmware_version is: 4.23.0
[2025-12-10 18:09:13.339] [2667] [HailoRT] [info] [control.cpp:113] [control__parse_identify_results] firmware_version is: 4.23.0
[2025-12-10 18:09:18.340] [2676] [HailoRT] [info] [vdevice_native_stream.cpp:142] [write_impl] Failed write to stream resnet_v1_18/input_layer1 (device: 0001:01:00.0) with status=HAILO_STREAM_ABORT(63)
[2025-12-10 18:09:18.340] [2675] [HailoRT] [info] [vdevice_native_stream.cpp:331] [read_impl] Failed read from stream HAILO_STREAM_ABORT(63) (device: 0001:01:00.0)
[2025-12-10 18:09:18.346] [2667] [HailoRT] [info] [core_op.cpp:186] [deactivate] Deactivating took 0.009037 ms
[2025-12-10 18:09:18.346] [2667] [HailoRT] [info] [core_op.cpp:186] [deactivate] Deactivating took 0.047592 ms
[2025-12-10 18:09:18.429] [2667] [HailoRT] [info] [vdevice.cpp:535] [create] Creating vdevice with params: device_count: 1, scheduling_algorithm: NONE, multi_process_service: false
[2025-12-10 18:09:18.441] [2667] [HailoRT] [info] [device.cpp:51] [Device] OS Version: Linux 6.12.47+rpt-rpi-2712 #1 SMP PREEMPT Debian 1:6.12.47-1+rpt1 (2025-09-16) aarch64
[2025-12-10 18:09:18.441] [2667] [HailoRT] [info] [control.cpp:113] [control__parse_identify_results] firmware_version is: 4.23.0
[2025-12-10 18:09:18.441] [2667] [HailoRT] [info] [vdevice.cpp:682] [create] VDevice Infos: 0001:01:00.0
[2025-12-10 18:09:18.448] [2667] [HailoRT] [info] [internal_buffer_manager.cpp:75] [print_execution_results] Default Internal buffer planner failed to meet requirements
[2025-12-10 18:09:18.448] [2667] [HailoRT] [info] [internal_buffer_manager.cpp:86] [print_execution_results] Default Internal buffer planner executed successfully
[2025-12-10 18:09:18.470] [2667] [HailoRT] [info] [device_internal.cpp:57] [configure] Configuring HEF took 28.165462 milliseconds
[2025-12-10 18:09:18.470] [2667] [HailoRT] [info] [vdevice.cpp:780] [configure] Configuring HEF on VDevice took 28.487757 milliseconds
[2025-12-10 18:09:18.470] [2667] [HailoRT] [info] [control.cpp:113] [control__parse_identify_results] firmware_version is: 4.23.0
[2025-12-10 18:09:18.471] [2667] [HailoRT] [info] [control.cpp:113] [control__parse_identify_results] firmware_version is: 4.23.0
[2025-12-10 18:09:18.471] [2667] [HailoRT] [info] [core_op.cpp:156] [activate] Activating resnet_v1_18 took 0.232795 milliseconds. Note that the function is asynchronous and thus the network is not fully activated yet.
[2025-12-10 18:09:18.471] [2667] [HailoRT] [info] [core_op.cpp:156] [activate] Activating resnet_v1_18 took 0.248405 milliseconds. Note that the function is asynchronous and thus the network is not fully activated yet.
[2025-12-10 18:09:18.473] [2667] [HailoRT] [info] [control.cpp:113] [control__parse_identify_results] firmware_version is: 4.23.0
[2025-12-10 18:09:18.473] [2667] [HailoRT] [info] [control.cpp:113] [control__parse_identify_results] firmware_version is: 4.23.0
[2025-12-10 18:09:18.473] [2667] [HailoRT] [info] [edge_elements.cpp:52] [create] Created (HwWriteEl1resnet_v1_18/input_layer1 | hw_frame_size: 150528)
[2025-12-10 18:09:18.481] [2667] [HailoRT] [info] [vstream.cpp:754] [InputVStreamImpl] Creating resnet_v1_18/input_layer1...
[2025-12-10 18:09:18.481] [2667] [HailoRT] [info] [vstream_builder.cpp:102] [create_inputs] Input pipeline 'resnet_v1_18/input_layer1': (HwWriteEl1resnet_v1_18/input_layer1 | hw_frame_size: 150528) >> HW
[2025-12-10 18:09:18.481] [2667] [HailoRT] [info] [edge_elements.cpp:287] [create] Created (HwReadEl0resnet_v1_18/fc1 | hw_frame_size: 1000)
[2025-12-10 18:09:18.486] [2667] [HailoRT] [info] [queue_elements.cpp:800] [create] Created (UserBuffQEl0resnet_v1_18/fc1 | timeout: 10s)
[2025-12-10 18:09:18.486] [2667] [HailoRT] [info] [vstream.cpp:1114] [OutputVStreamImpl] Creating resnet_v1_18/fc1...
[2025-12-10 18:09:18.486] [2667] [HailoRT] [info] [vstream_builder.cpp:220] [create_outputs] Output pipeline 'resnet_v1_18/fc1': HW >> (HwReadEl0resnet_v1_18/fc1 | hw_frame_size: 1000) >> (UserBuffQEl0resnet_v1_18/fc1 | timeout: 10s)
[2025-12-10 18:09:23.486] [2685] [HailoRT] [info] [vdevice_native_stream.cpp:142] [write_impl] Failed write to stream resnet_v1_18/input_layer1 (device: 0001:01:00.0) with status=HAILO_STREAM_ABORT(63)
[2025-12-10 18:09:23.486] [2681] [HailoRT] [info] [vdevice_native_stream.cpp:331] [read_impl] Failed read from stream HAILO_STREAM_ABORT(63) (device: 0001:01:00.0)
[2025-12-10 18:09:23.486] [2681] [HailoRT] [info] [edge_elements.cpp:396] [run_pull] Reading from stream was aborted!
[2025-12-10 18:09:23.486] [2685] [HailoRT] [info] [edge_elements.cpp:87] [run_push] Failed to send on input stream InputStream(index=1, name=resnet_v1_18/input_layer1) because stream was aborted
[2025-12-10 18:09:23.486] [2685] [HailoRT] [info] [vstream.cpp:778] [write] Sending to VStream was aborted!
[2025-12-10 18:09:23.486] [2681] [HailoRT] [info] [queue_elements.cpp:867] [run_in_thread] run_pull of UserBuffQEl0resnet_v1_18/fc1 was aborted!
[2025-12-10 18:09:23.486] [2684] [HailoRT] [info] [queue_elements.cpp:834] [run_pull] Shutdown event was signaled in dequeue of queue element UserBuffQEl0resnet_v1_18/fc1!
[2025-12-10 18:09:23.486] [2684] [HailoRT] [info] [vstream.cpp:1138] [read] Receiving to VStream was shutdown!
[2025-12-10 18:09:23.492] [2681] [HailoRT] [info] [queue_elements.cpp:68] [operator()] Thread in element UserBuffQEl0resnet_v1_18/fc1 is not running anymore, exiting..
[2025-12-10 18:09:23.492] [2667] [HailoRT] [info] [queue_elements.cpp:46] [~BaseQueueElement] Queue element UserBuffQEl0resnet_v1_18/fc1 has 0 frames in his Queue on destruction
[2025-12-10 18:09:23.492] [2667] [HailoRT] [info] [core_op.cpp:186] [deactivate] Deactivating took 0.007519 ms
[2025-12-10 18:09:23.492] [2667] [HailoRT] [info] [core_op.cpp:186] [deactivate] Deactivating took 0.019333 ms
[2025-12-10 18:09:23.564] [2667] [HailoRT] [info] [vdevice.cpp:535] [create] Creating vdevice with params: device_count: 1, scheduling_algorithm: NONE, multi_process_service: false
[2025-12-10 18:09:23.577] [2667] [HailoRT] [info] [device.cpp:51] [Device] OS Version: Linux 6.12.47+rpt-rpi-2712 #1 SMP PREEMPT Debian 1:6.12.47-1+rpt1 (2025-09-16) aarch64
[2025-12-10 18:09:23.577] [2667] [HailoRT] [info] [control.cpp:113] [control__parse_identify_results] firmware_version is: 4.23.0
[2025-12-10 18:09:23.577] [2667] [HailoRT] [info] [vdevice.cpp:682] [create] VDevice Infos: 0001:01:00.0
[2025-12-10 18:09:23.583] [2667] [HailoRT] [info] [internal_buffer_manager.cpp:75] [print_execution_results] Default Internal buffer planner failed to meet requirements
[2025-12-10 18:09:23.583] [2667] [HailoRT] [info] [internal_buffer_manager.cpp:86] [print_execution_results] Default Internal buffer planner executed successfully
[2025-12-10 18:09:23.604] [2667] [HailoRT] [info] [device_internal.cpp:57] [configure] Configuring HEF took 26.238664 milliseconds
[2025-12-10 18:09:23.604] [2667] [HailoRT] [info] [vdevice.cpp:780] [configure] Configuring HEF on VDevice took 26.550679 milliseconds
[2025-12-10 18:09:23.604] [2667] [HailoRT] [info] [control.cpp:113] [control__parse_identify_results] firmware_version is: 4.23.0
[2025-12-10 18:09:23.604] [2667] [HailoRT] [info] [control.cpp:113] [control__parse_identify_results] firmware_version is: 4.23.0
[2025-12-10 18:09:23.605] [2667] [HailoRT] [info] [core_op.cpp:156] [activate] Activating resnet_v1_18 took 0.237479 milliseconds. Note that the function is asynchronous and thus the network is not fully activated yet.
[2025-12-10 18:09:23.605] [2667] [HailoRT] [info] [core_op.cpp:156] [activate] Activating resnet_v1_18 took 0.25185 milliseconds. Note that the function is asynchronous and thus the network is not fully activated yet.
[2025-12-10 18:09:23.607] [2667] [HailoRT] [info] [control.cpp:113] [control__parse_identify_results] firmware_version is: 4.23.0
[2025-12-10 18:09:23.607] [2667] [HailoRT] [info] [control.cpp:113] [control__parse_identify_results] firmware_version is: 4.23.0
[2025-12-10 18:09:23.607] [2667] [HailoRT] [info] [edge_elements.cpp:52] [create] Created (HwWriteEl1resnet_v1_18/input_layer1 | hw_frame_size: 150528)
[2025-12-10 18:09:23.607] [2667] [HailoRT] [info] [vstream.cpp:754] [InputVStreamImpl] Creating resnet_v1_18/input_layer1...
[2025-12-10 18:09:23.607] [2667] [HailoRT] [info] [vstream_builder.cpp:102] [create_inputs] Input pipeline 'resnet_v1_18/input_layer1': (HwWriteEl1resnet_v1_18/input_layer1 | hw_frame_size: 150528) >> HW
[2025-12-10 18:09:23.608] [2667] [HailoRT] [info] [edge_elements.cpp:287] [create] Created (HwReadEl0resnet_v1_18/fc1 | hw_frame_size: 1000)
[2025-12-10 18:09:23.608] [2667] [HailoRT] [info] [queue_elements.cpp:800] [create] Created (UserBuffQEl0resnet_v1_18/fc1 | timeout: 10s)
[2025-12-10 18:09:23.608] [2667] [HailoRT] [info] [vstream.cpp:1114] [OutputVStreamImpl] Creating resnet_v1_18/fc1...
[2025-12-10 18:09:23.608] [2667] [HailoRT] [info] [vstream_builder.cpp:220] [create_outputs] Output pipeline 'resnet_v1_18/fc1': HW >> (HwReadEl0resnet_v1_18/fc1 | hw_frame_size: 1000) >> (UserBuffQEl0resnet_v1_18/fc1 | timeout: 10s)
[2025-12-10 18:09:28.608] [2694] [HailoRT] [info] [vdevice_native_stream.cpp:331] [read_impl] Failed read from stream HAILO_STREAM_ABORT(63) (device: 0001:01:00.0)
[2025-12-10 18:09:28.609] [2694] [HailoRT] [info] [edge_elements.cpp:396] [run_pull] Reading from stream was aborted!
[2025-12-10 18:09:28.609] [2694] [HailoRT] [info] [queue_elements.cpp:867] [run_in_thread] run_pull of UserBuffQEl0resnet_v1_18/fc1 was aborted!
[2025-12-10 18:09:28.609] [2697] [HailoRT] [info] [queue_elements.cpp:834] [run_pull] Shutdown event was signaled in dequeue of queue element UserBuffQEl0resnet_v1_18/fc1!
[2025-12-10 18:09:28.609] [2697] [HailoRT] [info] [vstream.cpp:1138] [read] Receiving to VStream was shutdown!
[2025-12-10 18:09:28.609] [2698] [HailoRT] [info] [vdevice_native_stream.cpp:142] [write_impl] Failed write to stream resnet_v1_18/input_layer1 (device: 0001:01:00.0) with status=HAILO_STREAM_ABORT(63)
[2025-12-10 18:09:28.609] [2698] [HailoRT] [info] [edge_elements.cpp:87] [run_push] Failed to send on input stream InputStream(index=1, name=resnet_v1_18/input_layer1) because stream was aborted
[2025-12-10 18:09:28.609] [2698] [HailoRT] [info] [vstream.cpp:778] [write] Sending to VStream was aborted!
[2025-12-10 18:09:28.609] [2694] [HailoRT] [info] [queue_elements.cpp:68] [operator()] Thread in element UserBuffQEl0resnet_v1_18/fc1 is not running anymore, exiting..
[2025-12-10 18:09:28.609] [2667] [HailoRT] [info] [queue_elements.cpp:46] [~BaseQueueElement] Queue element UserBuffQEl0resnet_v1_18/fc1 has 0 frames in his Queue on destruction
[2025-12-10 18:09:28.609] [2667] [HailoRT] [info] [core_op.cpp:186] [deactivate] Deactivating took 0.006148 ms
[2025-12-10 18:09:28.609] [2667] [HailoRT] [info] [core_op.cpp:186] [deactivate] Deactivating took 0.016352 ms
[2025-12-10 18:11:54.996] [3199] [HailoRT] [info] [device.cpp:51] [Device] OS Version: Linux 6.12.47+rpt-rpi-2712 #1 SMP PREEMPT Debian 1:6.12.47-1+rpt1 (2025-09-16) aarch64
[2025-12-10 18:11:54.997] [3199] [HailoRT] [info] [control.cpp:113] [control__parse_identify_results] firmware_version is: 4.23.0
[2025-12-10 18:11:54.997] [3199] [HailoRT] [info] [control.cpp:113] [control__parse_identify_results] firmware_version is: 4.23.0
[2025-12-10 18:11:55.068] [3199] [HailoRT] [info] [device.cpp:51] [Device] OS Version: Linux 6.12.47+rpt-rpi-2712 #1 SMP PREEMPT Debian 1:6.12.47-1+rpt1 (2025-09-16) aarch64
[2025-12-10 18:11:55.068] [3199] [HailoRT] [info] [control.cpp:113] [control__parse_identify_results] firmware_version is: 4.23.0
[2025-12-10 18:11:55.068] [3199] [HailoRT] [info] [control.cpp:113] [control__parse_identify_results] firmware_version is: 4.23.0
[2025-12-10 18:12:04.801] [3254] [HailoRT] [info] [device.cpp:51] [Device] OS Version: Linux 6.12.47+rpt-rpi-2712 #1 SMP PREEMPT Debian 1:6.12.47-1+rpt1 (2025-09-16) aarch64
[2025-12-10 18:12:04.801] [3254] [HailoRT] [info] [control.cpp:113] [control__parse_identify_results] firmware_version is: 4.23.0
[2025-12-10 18:12:04.802] [3254] [HailoRT] [info] [control.cpp:113] [control__parse_identify_results] firmware_version is: 4.23.0
[2025-12-10 18:12:11.633] [3305] [HailoRT] [info] [device.cpp:51] [Device] OS Version: Linux 6.12.47+rpt-rpi-2712 #1 SMP PREEMPT Debian 1:6.12.47-1+rpt1 (2025-09-16) aarch64
[2025-12-10 18:12:11.634] [3305] [HailoRT] [info] [control.cpp:113] [control__parse_identify_results] firmware_version is: 4.23.0
[2025-12-10 18:12:11.635] [3305] [HailoRT] [info] [control.cpp:113] [control__parse_identify_results] firmware_version is: 4.23.0
[2025-12-10 18:12:17.344] [3361] [HailoRT] [info] [vdevice.cpp:535] [create] Creating vdevice with params: device_count: 1, scheduling_algorithm: NONE, multi_process_service: false
[2025-12-10 18:12:17.356] [3361] [HailoRT] [info] [device.cpp:51] [Device] OS Version: Linux 6.12.47+rpt-rpi-2712 #1 SMP PREEMPT Debian 1:6.12.47-1+rpt1 (2025-09-16) aarch64
[2025-12-10 18:12:17.357] [3361] [HailoRT] [info] [control.cpp:113] [control__parse_identify_results] firmware_version is: 4.23.0
[2025-12-10 18:12:17.357] [3361] [HailoRT] [info] [vdevice.cpp:682] [create] VDevice Infos: 0001:01:00.0
[2025-12-10 18:12:35.337] [3531] [HailoRT] [info] [vdevice.cpp:535] [create] Creating vdevice with params: device_count: 1, scheduling_algorithm: NONE, multi_process_service: false
[2025-12-10 18:12:35.349] [3531] [HailoRT] [info] [device.cpp:51] [Device] OS Version: Linux 6.12.47+rpt-rpi-2712 #1 SMP PREEMPT Debian 1:6.12.47-1+rpt1 (2025-09-16) aarch64
[2025-12-10 18:12:35.349] [3531] [HailoRT] [info] [control.cpp:113] [control__parse_identify_results] firmware_version is: 4.23.0
[2025-12-10 18:12:35.350] [3531] [HailoRT] [info] [vdevice.cpp:682] [create] VDevice Infos: 0001:01:00.0
[2025-12-10 18:12:35.350] [3531] [HailoRT] [error] [file_utils.cpp:124] [open] CHECK failed - Failed opening file, path: 
[2025-12-10 18:12:35.350] [3531] [HailoRT] [error] [hef.cpp:560] [parse_hef_file] CHECK_SUCCESS failed with status=HAILO_OPEN_FILE_FAILURE(13)
[2025-12-10 18:12:35.350] [3531] [HailoRT] [error] [hef.cpp:1060] [Impl] Failed parsing HEF file
[2025-12-10 18:12:35.350] [3531] [HailoRT] [error] [hef.cpp:333] [create] Failed creating HEF
[2025-12-10 18:12:35.350] [3531] [HailoRT] [error] [hef.cpp:168] [create] CHECK_SUCCESS failed with status=HAILO_OPEN_FILE_FAILURE(13)
[2025-12-10 18:12:35.350] [3531] [HailoRT] [error] [vdevice.cpp:787] [create_infer_model] CHECK_SUCCESS failed with status=HAILO_OPEN_FILE_FAILURE(13)
[2025-12-10 18:12:42.439] [3583] [HailoRT] [info] [vdevice.cpp:535] [create] Creating vdevice with params: device_count: 1, scheduling_algorithm: NONE, multi_process_service: false
[2025-12-10 18:12:42.452] [3583] [HailoRT] [info] [device.cpp:51] [Device] OS Version: Linux 6.12.47+rpt-rpi-2712 #1 SMP PREEMPT Debian 1:6.12.47-1+rpt1 (2025-09-16) aarch64
[2025-12-10 18:12:42.452] [3583] [HailoRT] [info] [control.cpp:113] [control__parse_identify_results] firmware_version is: 4.23.0
[2025-12-10 18:12:42.452] [3583] [HailoRT] [info] [vdevice.cpp:682] [create] VDevice Infos: 0001:01:00.0
[2025-12-10 18:12:42.491] [3583] [HailoRT] [info] [hef.cpp:1994] [get_network_group_and_network_name] No name was given. Addressing all networks of default network_group: resnet_v1_18
[2025-12-10 18:12:42.491] [3583] [HailoRT] [info] [hef.cpp:1994] [get_network_group_and_network_name] No name was given. Addressing all networks of default network_group: resnet_v1_18
[2025-12-10 18:12:47.727] [3626] [HailoRT] [info] [vdevice.cpp:535] [create] Creating vdevice with params: device_count: 1, scheduling_algorithm: NONE, multi_process_service: false
[2025-12-10 18:12:47.738] [3626] [HailoRT] [info] [device.cpp:51] [Device] OS Version: Linux 6.12.47+rpt-rpi-2712 #1 SMP PREEMPT Debian 1:6.12.47-1+rpt1 (2025-09-16) aarch64
[2025-12-10 18:12:47.738] [3626] [HailoRT] [info] [control.cpp:113] [control__parse_identify_results] firmware_version is: 4.23.0
[2025-12-10 18:12:47.738] [3626] [HailoRT] [info] [vdevice.cpp:682] [create] VDevice Infos: 0001:01:00.0
[2025-12-10 18:12:47.777] [3626] [HailoRT] [info] [hef.cpp:1994] [get_network_group_and_network_name] No name was given. Addressing all networks of default network_group: resnet_v1_18
[2025-12-10 18:12:47.777] [3626] [HailoRT] [info] [hef.cpp:1994] [get_network_group_and_network_name] No name was given. Addressing all networks of default network_group: resnet_v1_18
[2025-12-10 18:12:53.794] [3677] [HailoRT] [info] [vdevice.cpp:535] [create] Creating vdevice with params: device_count: 1, scheduling_algorithm: NONE, multi_process_service: false
[2025-12-10 18:12:53.805] [3677] [HailoRT] [info] [device.cpp:51] [Device] OS Version: Linux 6.12.47+rpt-rpi-2712 #1 SMP PREEMPT Debian 1:6.12.47-1+rpt1 (2025-09-16) aarch64
[2025-12-10 18:12:53.805] [3677] [HailoRT] [info] [control.cpp:113] [control__parse_identify_results] firmware_version is: 4.23.0
[2025-12-10 18:12:53.806] [3677] [HailoRT] [info] [vdevice.cpp:682] [create] VDevice Infos: 0001:01:00.0
[2025-12-10 18:12:53.845] [3677] [HailoRT] [info] [hef.cpp:1994] [get_network_group_and_network_name] No name was given. Addressing all networks of default network_group: resnet_v1_18
[2025-12-10 18:12:53.845] [3677] [HailoRT] [info] [hef.cpp:1994] [get_network_group_and_network_name] No name was given. Addressing all networks of default network_group: resnet_v1_18
[2025-12-10 18:13:44.633] [3897] [HailoRT] [info] [hef.cpp:1994] [get_network_group_and_network_name] No name was given. Addressing all networks of default network_group: resnet_v1_18
[2025-12-10 18:14:50.090] [4191] [HailoRT] [info] [hef.cpp:1994] [get_network_group_and_network_name] No name was given. Addressing all networks of default network_group: resnet_v1_18
[2025-12-10 18:14:50.090] [4191] [HailoRT] [info] [hef.cpp:1994] [get_network_group_and_network_name] No name was given. Addressing all networks of default network_group: resnet_v1_18
