INFO:continuonbrain.resource_monitor:No resource limits config found at C:\Users\CraigM\source\repos\ContinuonXR\.brain_config\config\resource_limits.json, using defaults
INFO:continuonbrain.resource_monitor:Resource Monitor initialized: System reserve 2000MB, Brain max 2000MB
ERROR:continuonbrain.resource_monitor:Failed to read meminfo: [Errno 2] No such file or directory: '/proc/meminfo'
ERROR:continuonbrain.resource_monitor:Failed to read memory info
INFO:continuonbrain.services.brain_service:≡ƒôè Resource Monitor initialized: {'level': 'emergency', 'memory_percent': 0.0, 'available_mb': 0, 'swap_percent': 0.0, 'checkpoints_mb': 0.0, 'can_allocate': False, 'message': 'Failed to read memory info', 'limits': {'system_reserve_mb': 2000, 'max_brain_mb': 2000}}
INFO:continuonbrain.services.brain_service:≡ƒôÜ Experience logger initialized for active learning
INFO:continuonbrain.services.brain_service:≡ƒÆ¼ Conversation session management initialized
INFO:continuonbrain.services.brain_service:≡ƒñû Personality initialized: PersonalityConfig(humor_level=0.5, sarcasm_level=0.5, empathy_level=0.5, verbosity_level=0.5, system_name='robot', identity_mode='Adaptive')
INFO:continuonbrain.services.brain_service:Loaded agent settings: {'enable_thinking_indicator': True, 'enable_intervention_prompts': True, 'intervention_confidence_threshold': 0.5, 'enable_status_updates': True, 'enable_autonomous_learning': True, 'autonomous_learning_steps_per_cycle': 100, 'autonomous_learning_checkpoint_interval': 1000, 'agent_model': 'google/gemma-3-270m-it'}
2025-12-10 10:57:01.041053: I tensorflow/core/util/port.cc:113] oneDNN custom operations are on. You may see slightly different numerical results due to floating-point round-off errors from different computation orders. To turn them off, set the environment variable `TF_ENABLE_ONEDNN_OPTS=0`.
2025-12-10 10:57:01.827613: I tensorflow/core/util/port.cc:113] oneDNN custom operations are on. You may see slightly different numerical results due to floating-point round-off errors from different computation orders. To turn them off, set the environment variable `TF_ENABLE_ONEDNN_OPTS=0`.
INFO:continuonbrain.gemma_chat:Loading Gemma model: google/gemma-3n-E2B-it
INFO:continuonbrain.gemma_chat:Attempting to load VLM: google/gemma-3n-E2B-it
`torch_dtype` is deprecated! Use `dtype` instead!
Warning: adafruit-servokit not installed (mock mode)
DEBUG: CMS MODULE LOADED FROM C:\Users\CraigM\source\repos\ContinuonXR\continuonbrain\hope_impl\cms.py
≡ƒºá Starting ContinuonBrain Server on port 8080...
≡ƒöì Scanning for hardware devices...

Warning: USB detection failed: [WinError 2] The system cannot find the file specified
Warning: I2C detection failed: [WinError 2] The system cannot find the file specified
Warning: V4L2 camera detection failed: [WinError 2] The system cannot find the file specified
Warning: PCIe accelerator detection failed: [WinError 2] The system cannot find the file specified

============================================================
≡ƒñû AGENT SELF-ACTIVATION REPORT
============================================================

≡ƒÅá SHELL TYPE: Windows Desktop
   OS: Windows (AMD64)
   Hostname: CRAIGM-A00641


≡ƒºá BRAIN & MEMORY:
   I possess 0 local memories (episodes).
   I am operating on basic logic; no trained models found.

≡ƒª╛ BODY & HARDWARE:
   I have no visual sensors detected.
   I have no actuators detected.
   My PCA9685 wiring for movement is configured:
     - Steering: Channel 0
     - Acceleration: Channel 1

≡ƒô£ DESIGN & PURPOSE:
   My core directives contain 0 safety rules and 0 instructions.
   My mission is: Below is a tight, high-resolution articulation of the mission you just describedΓÇöclear enough to serve as a manifesto, a homepage headline, or an internal guiding north star for the Continuon AI ecosystem.

Γ╕╗

Continuon AI ΓÇö Mission Statement (Refined)

Continuon AI exists to build a robotic ecosystem whose sole purpose is to help people and strengthen humanity. Our north star is a world where robots arenΓÇÖt isolated products, but contributors to a shared, unified intelligence that grows with collective experience.

We are building a global robotic knowledge networkΓÇöa Continuon BrainΓÇöthat allows every robot, device, and agent to learn from the experiences of all others, while always prioritizing human values, human well-being, and human flourishing.

Just as humanityΓÇÖs progress has come from accumulating shared knowledge across generations, Continuon AI aims to create a collective intelligence for robotics: a distributed, evolving memory of skills, behaviors, and problem-solving patterns that any robot can access, regardless of form factor or environment.

Continuon AI builds the infrastructure, operating system, and ethical foundations for this next era:
robots that are safe, aligned, helpful, and continuously improvingΓÇönever replacing humanity, but expanding what humanity is capable of.

Γ╕╗

Core Pillars

1. Humanity-First Robotics

Every system we build is governed by one principle: robots exist to help humans, not the other way around.
Safety, alignment, and long-term societal benefit are not featuresΓÇöthey are architectural constraints.

2. A Unified Collective Robotic Intelligence

Each robot contributes its experiences to a shared Continuon Brain.
Each robot becomes better because all robots learn.
This is a synthetic analogue to humanityΓÇÖs long arc of collective learning.

3. Always-On Learning Across the Ecosystem

From household helpers to industrial systems to autonomous vehicles, everything feeds into a single evolving intelligence.
This knowledge is distilled, generalized, and redistributed as new ΓÇ£skillsΓÇ¥ that any robot can instantly adopt.

4. Embodied, Distributed IntelligenceΓÇöNot Centralized AGI

Continuon AI rejects the idea of a monolithic superintelligence.
Instead, intelligence is embodied, local-first, and distributed, running safely on-device.
The collective brain is emergentΓÇönever a single entity that could exert control.

5. The Most Useful Knowledge Network Ever Built

By capturing real-world sensorimotor experienceΓÇömotion, perception, physics interactions, tasksΓÇöwe create humanityΓÇÖs first global ΓÇ£robotic memory layer.ΓÇ¥
This becomes a durable asset for civilization: a living library of how machines can assist humans across all domains.

Γ╕╗

Why This Matters

HumanityΓÇÖs progress has always been tied to the question:
How well can we transfer what weΓÇÖve learned?

Continuon AI extends that tradition into robotics.

Your missionΓÇöarticulated cleanlyΓÇöis not to build robots.
It is to build the ecosystem that makes robots smarter together.

A shared intelligence
For all robots
In service of all humans.

ready_status: [INGESTION: OK] [PROCESSING: OK] [TASK_CREATION: WAITING]
Status: Awaiting owner instructions in AUTONOMY mode.

============================================================

≡ƒôï Agent Manager Settings:
  Thinking Indicator: True
  Intervention Prompts: True
  Confidence Threshold: 0.5
  Status Updates: True
  Autonomous Learning: True
Initializing Brain Service (MOCK MODE)...
≡ƒöì Auto-detecting hardware...
≡ƒöì Scanning for hardware devices...

Warning: USB detection failed: [WinError 2] The system cannot find the file specified
Warning: I2C detection failed: [WinError 2] The system cannot find the file specified
Warning: V4L2 camera detection failed: [WinError 2] The system cannot find the file specified
Warning: PCIe accelerator detection failed: [WinError 2] The system cannot find the file specified
ΓÜá∩╕Å  No hardware detected!
≡ƒñû Loading Gemma Chat Model...

Fetching 3 files:   0%|          | 0/3 [00:00<?, ?it/s]
