DEBUG: CMS MODULE LOADED FROM /home/craigm26/Downloads/ContinuonXR/continuonbrain/hope_impl/cms.py
[DEBUG] server_routes imported from: /home/craigm26/Downloads/ContinuonXR/continuonbrain/server/routes.py
  Detected Hailo AI HAT+ (1 device(s)) - enabling offloading
  CONTINUON_PREFER_JAX=1 and JAX detected -> Enforcing JAX chat init.
JAX not available - install with: pip install jax jaxlib flax
JAX or transformers not available - cannot create GemmaChatJAX
HUGGINGFACE_TOKEN not set - gated models will not be accessible
  [Startup] Pre-loading model checkpoints...
`torch_dtype` is deprecated! Use `dtype` instead!
Loading checkpoint shards:   0%|          | 0/3 [00:00<?, ?it/s]Loading checkpoint shards:  33%|███▎      | 1/3 [00:01<00:03,  1.72s/it]Loading checkpoint shards:  67%|██████▋   | 2/3 [00:02<00:01,  1.08s/it]Loading checkpoint shards: 100%|██████████| 3/3 [00:06<00:00,  2.44s/it]Loading checkpoint shards: 100%|██████████| 3/3 [00:06<00:00,  2.16s/it]
  [Startup] Model load result: True
 Model selected: JAX CoreModel (backend=jax)
  Failed to start status endpoint: [Errno 98] Address already in use
Initializing Robot Service (MOCK MODE)...

 Initializing episode recorder...
Using MOCK hardware mode
  Using mock microphone capture
Microphone capture initialized
 Episode recorder ready
  Skipping arm/drivetrain init (skip-motion-hw). Motion will stay mock.
 Initializing mode manager...
  Returning to idle...
============================================================
 Mode Change: idle -> idle
============================================================
Time: 2025-12-14 22:13:20
Motion: Disabled
Recording: OFF
Inference: OFF
Self-Training: OFF
============================================================

 Mode manager ready
 Chat-learn scheduler: Merged into autonomous supervisor (independent thread disabled).
 HOPE autonomous learner supervisor started (thread; mode-gated)
 Autonomy orchestrator started (thread; resource-aware)

============================================================
 Robot Service Ready (MOCK MODE)
============================================================

Web UI: http://localhost:8082/ui
API Endpoint: http://localhost:8082/status
[HTTP] POST /api/training/control/mode
Resource level changed: normal -> warning: WARNING: Memory at 95.1% - 399MB available
Resource level changed: warning -> normal: Normal: 474MB available (94.1% used)
[HTTP] GET /api/status
Resource level changed: normal -> warning: WARNING: Memory at 95.4% - 367MB available
Resource level changed: warning -> normal: Normal: 482MB available (94.0% used)
[HTTP] GET /api/status
Resource level changed: normal -> warning: WARNING: Memory at 95.4% - 371MB available
Resource level changed: warning -> normal: Normal: 442MB available (94.5% used)
Resource level changed: normal -> warning: WARNING: Memory at 96.0% - 320MB available
Resource level changed: warning -> normal: Normal: 498MB available (93.8% used)
