DEBUG: CMS MODULE LOADED FROM /home/craigm26/Downloads/ContinuonXR/continuonbrain/hope_impl/cms.py
[DEBUG] server_routes imported from: /home/craigm26/Downloads/ContinuonXR/continuonbrain/server/routes.py
  Detected Hailo AI HAT+ (1 device(s)) - enabling offloading
  CONTINUON_PREFER_JAX=1 and JAX detected -> Enforcing JAX chat init.
JAX not available - install with: pip install jax jaxlib flax
JAX or transformers not available - cannot create GemmaChatJAX
HUGGINGFACE_TOKEN not set - gated models will not be accessible
  [Startup] Pre-loading model checkpoints...
`torch_dtype` is deprecated! Use `dtype` instead!
Loading checkpoint shards:   0%|          | 0/3 [00:00<?, ?it/s]Loading checkpoint shards:  33%|███▎      | 1/3 [00:02<00:05,  2.64s/it]Loading checkpoint shards:  67%|██████▋   | 2/3 [00:03<00:01,  1.43s/it]Loading checkpoint shards: 100%|██████████| 3/3 [00:04<00:00,  1.32s/it]Loading checkpoint shards: 100%|██████████| 3/3 [00:04<00:00,  1.47s/it]
  [Startup] Model load result: True
 Model selected: JAX CoreModel (backend=jax)
  Failed to start status endpoint: [Errno 98] Address already in use
Initializing Robot Service (MOCK MODE)...

 Initializing episode recorder...
Using MOCK hardware mode
  Using mock microphone capture
Microphone capture initialized
 Episode recorder ready
  Skipping arm/drivetrain init (skip-motion-hw). Motion will stay mock.
 Initializing mode manager...
  Returning to idle...
============================================================
 Mode Change: idle -> idle
============================================================
Time: 2025-12-14 21:49:46
Motion: Disabled
Recording: OFF
Inference: OFF
Self-Training: OFF
============================================================

 Mode manager ready
 Chat-learn scheduler started (thread; settings-gated)
 HOPE autonomous learner supervisor started (thread; mode-gated)
[DEBUG] RunChatLearn called. Turns=20, Model=hope-v1, Delegate=google/gemma-370m
 Autonomy orchestrator started (thread; resource-aware)

============================================================
 Robot Service Ready (MOCK MODE)
============================================================

Web UI: http://localhost:8082/ui
API Endpoint: http://localhost:8082/status
[DEBUG] RunChatLearn: Starting loop for 20 turns. LogRLDS=True
[DEBUG] Loop 0: History=0, Outputs=0
[ChatAdapter] chat() called with model_hint=hope-v1 delegate=google/gemma-370m
Ignoring model_hint=google/gemma-370m because it is not present in local HF cache (/home/craigm26/.cache/huggingface/hub) and downloads are disabled.
[HTTP] GET /
[HTTP] GET /api/camera/stream
[HTTP] GET /static/ui.css
[HTTP] GET /static/client.js
[HTTP] GET /static/mobile-shell.js
[HTTP] GET /static/chat-overlay.js
[HTTP] GET /api/status
[HTTP] GET /api/training/architecture_status
[HTTP] GET /api/system/events
[HTTP] GET /api/training/status
[HTTP] GET /api/training/metrics
[HTTP] GET /api/training/data_quality
[HTTP] GET /api/training/tool_dataset_summary
