nohup: ignoring input
Resource level changed: normal -> warning: WARNING: Memory at 83.0% - 1372MB available
Resource level changed: normal -> warning: WARNING: Memory at 83.0% - 1372MB available
Warning: adafruit-servokit not installed (mock mode)
DEBUG: CMS MODULE LOADED FROM /home/craigm26/Downloads/ContinuonXR/continuonbrain/hope_impl/cms.py
  Detected Hailo AI HAT+ (1 device(s)) - enabling offloading
  CONTINUON_PREFER_JAX=1 and JAX detected -> skipping transformers chat init; use inference_router for JAX.
 Model selected: JAX CoreModel (backend=jax)
  Failed to start status endpoint: [Errno 98] Address already in use
Initializing Robot Service (REAL HARDWARE MODE)...

 Auto-detecting hardware...
Scanning for hardware devices...

✅ Found: OAK Camera (USB 3.0)
✅ Found: Hailo AI HAT+ (PCIe)
✅ Found: Desktop Monitor
 Detected devices: 4
 - HardwareDevice(device_type='depth_camera', name='OAK Camera', vendor='Luxonis', interface='usb3', address='bus_002_dev_003', capabilities=['rgb', 'depth', 'stereo', 'ai'], config={'vendor_id': '03e7', 'product_id': 'f63b', 'driver': 'depthai', 'hailo_offload': True})
 - HardwareDevice(device_type='ai_accelerator', name='Hailo AI HAT+', vendor='Hailo', interface='pcie', address=None, capabilities=['ai', 'inference', 'neural_network', 'hailo8'], config={'model': 'Hailo-8', 'tops': 26, 'driver': 'hailo_platform', 'hailo_offload': True})
 - HardwareDevice(device_type='display', name='Desktop Monitor', vendor='Generic', interface='hdmi/dp', address=None, capabilities=['visual_output'], config={})
 - HardwareDevice(device_type='human_interface', name='Keyboard', vendor='Generic', interface='usb/bt', address=None, capabilities=['text_input'], config={})

 Initializing episode recorder...
 Initializing hardware via ContinuonBrain...
Auto-detecting hardware...
Scanning for hardware devices...

✅ Found: OAK Camera (USB 3.0)
✅ Found: Hailo AI HAT+ (PCIe)
✅ Found: Desktop Monitor

Using detected OAK Camera
  No OAK devices found (DepthAI reported zero devices)
  Camera initialization failed (continuing without camera)
MOCK: Initializing PCA9685 at 0x40
Arm controller initialized
  Using mock microphone capture
Microphone capture initialized
 Episode recorder ready
 Initializing drivetrain controller...
MOCK: Initializing drivetrain controller (PCA9685 mock) with steering=servo[0], throttle=continuous_servo[1]
 Drivetrain ready (MOCK MODE)
 Initializing mode manager...
============================================================
 Mode Change: idle -> autonomous
============================================================
Time: 2025-12-13 21:30:26
Motion: Enabled
Recording: ON
Inference: ON
Self-Training: OFF

Mode Configuration:
  control_source: vla_policy
  restored_from_persisted: True
============================================================

 Mode manager ready
 Chat-learn scheduler started (thread; settings-gated)
 HOPE autonomous learner supervisor started (thread; mode-gated)
 Autonomy orchestrator started (thread; resource-aware)

============================================================
 Robot Service Ready (REAL MODE)
============================================================

 Using detected hardware:
  Depth Camera: OAK Camera
  Depth Camera Driver: depthai
  Ai Accelerator: Hailo AI HAT+

Shutting down Robot Service...
Shutting down arm controller...
Arm moved to default safe positions
✅ Arm controller shutdown complete
Recorder shutdown complete
Shutting down arm controller...
Arm moved to default safe positions
✅ Arm controller shutdown complete
✅ Shutdown complete
Traceback (most recent call last):
  File "/home/craigm26/Downloads/ContinuonXR/continuonbrain/robot_api_server.py", line 2378, in <module>
    asyncio.run(main())
    ~~~~~~~~~~~^^^^^^^^
  File "/usr/lib/python3.13/asyncio/runners.py", line 195, in run
    return runner.run(main)
           ~~~~~~~~~~^^^^^^
  File "/usr/lib/python3.13/asyncio/runners.py", line 118, in run
    return self._loop.run_until_complete(task)
           ~~~~~~~~~~~~~~~~~~~~~~~~~~~~~^^^^^^
  File "/usr/lib/python3.13/asyncio/base_events.py", line 725, in run_until_complete
    return future.result()
           ~~~~~~~~~~~~~^^
  File "/home/craigm26/Downloads/ContinuonXR/continuonbrain/robot_api_server.py", line 2370, in main
    await server.start(host=args.host, port=args.port)
  File "/home/craigm26/Downloads/ContinuonXR/continuonbrain/server/routes.py", line 1511, in start
    self.server = await asyncio.start_server(
                  ^^^^^^^^^^^^^^^^^^^^^^^^^^^
    ...<3 lines>...
    )
    ^
  File "/usr/lib/python3.13/asyncio/streams.py", line 84, in start_server
    return await loop.create_server(factory, host, port, **kwds)
           ^^^^^^^^^^^^^^^^^^^^^^^^^^^^^^^^^^^^^^^^^^^^^^^^^^^^^
  File "/usr/lib/python3.13/asyncio/base_events.py", line 1622, in create_server
    raise OSError(err.errno, msg) from None
OSError: [Errno 98] error while attempting to bind on address ('0.0.0.0', 8080): [errno 98] address already in use
