DEBUG: CMS MODULE LOADED FROM /home/craigm26/Downloads/ContinuonXR/continuonbrain/hope_impl/cms.py
[DEBUG] server_routes imported from: /home/craigm26/Downloads/ContinuonXR/continuonbrain/server/routes.py
  Detected Hailo AI HAT+ (1 device(s)) - enabling offloading
  CONTINUON_PREFER_JAX=1 and JAX detected -> skipping transformers chat init; use inference_router for JAX.
 Model selected: JAX CoreModel (backend=jax)
  Failed to start status endpoint: [Errno 98] Address already in use
Initializing Robot Service (MOCK MODE)...

 Initializing episode recorder...
Using MOCK hardware mode
  Using mock microphone capture
Microphone capture initialized
 Episode recorder ready
  Skipping arm/drivetrain init (skip-motion-hw). Motion will stay mock.
 Initializing mode manager...
  Returning to idle...
============================================================
 Mode Change: idle -> idle
============================================================
Time: 2025-12-14 21:16:44
Motion: Disabled
Recording: OFF
Inference: OFF
Self-Training: OFF
============================================================

 Mode manager ready
 Chat-learn scheduler started (thread; settings-gated)
 HOPE autonomous learner supervisor started (thread; mode-gated)
 Autonomy orchestrator started (thread; resource-aware)

============================================================
 Robot Service Ready (MOCK MODE)
============================================================

Web UI: http://localhost:8082/ui
API Endpoint: http://localhost:8082/status
[HTTP] GET /
[HTTP] GET /static/ui.css
[HTTP] GET /api/camera/stream
[HTTP] GET /static/client.js
[HTTP] GET /static/mobile-shell.js
[HTTP] GET /static/chat-overlay.js
[HTTP] GET /api/status
[HTTP] GET /api/training/architecture_status
[HTTP] GET /api/system/events
[HTTP] GET /api/training/status
[HTTP] GET /api/training/metrics
[HTTP] GET /api/training/eval_summary
[HTTP] GET /api/skills
[HTTP] GET /api/training/cloud_readiness
[HTTP] GET /api/mobile/summary
[HTTP] GET /api/status
[HTTP] GET /api/training/status
[HTTP] GET /api/training/data_quality
[HTTP] GET /api/training/tool_dataset_summary
[HTTP] GET /api/tasks
[HTTP] GET /api/status
[HTTP] GET /static/service-worker.js
[HTTP] GET /
[HTTP] GET /ui
[HTTP] GET /research
[HTTP] GET /static/brain-viz.js
[HTTP] GET /static/vendor/three/three.module.js
[HTTP] GET /static/vendor/three/OrbitControls.js
[HTTP] GET /static/manifest.webmanifest
[HTTP] GET /static/icons/brain-icon.svg
[HTTP] GET /api/status
[HTTP] GET /api/status
[HTTP] GET /api/status
[HTTP] GET /api/mobile/summary
[HTTP] GET /api/training/status
[HTTP] GET /api/training/metrics
[HTTP] GET /api/training/eval_summary
[HTTP] GET /api/training/data_quality
[HTTP] GET /api/training/tool_dataset_summary
[HTTP] GET /api/tasks
[HTTP] GET /api/training/architecture_status
[HTTP] GET /api/system/events
[HTTP] GET /api/training/status
[HTTP] GET /api/skills
[HTTP] GET /api/training/cloud_readiness
[HTTP] GET /api/status
[HTTP] GET /api/status
[HTTP] GET /api/status
[HTTP] GET /api/status
[HTTP] GET /api/mobile/summary
[HTTP] GET /api/status
[HTTP] GET /api/training/status
[HTTP] GET /api/training/metrics
[HTTP] GET /api/training/eval_summary
[HTTP] GET /api/training/data_quality
[HTTP] GET /api/training/tool_dataset_summary
[HTTP] GET /api/tasks
[HTTP] GET /api/skills
[HTTP] GET /api/training/architecture_status
[HTTP] GET /api/system/events
[HTTP] GET /api/training/status
[HTTP] GET /api/training/cloud_readiness
[HTTP] GET /api/status
[HTTP] GET /api/status
[HTTP] GET /api/status
[HTTP] GET /api/status
[HTTP] GET /api/mobile/summary
[HTTP] GET /api/status
[HTTP] POST /api/chat
[ChatAdapter] chat() called with model_hint=None delegate=google/gemma-370m
[ChatAdapter] Emitting agent_manager event
[HTTP] GET /api/training/status
[HTTP] GET /api/training/metrics
[HTTP] GET /api/training/eval_summary
[HTTP] GET /api/training/data_quality
[HTTP] GET /api/training/tool_dataset_summary
[HTTP] GET /api/tasks
[HTTP] GET /api/training/cloud_readiness
[HTTP] GET /api/status
[HTTP] GET /api/training/status
[HTTP] GET /api/skills
[HTTP] GET /api/training/architecture_status
[HTTP] GET /api/system/events
[HTTP] GET /api/status
[HTTP] GET /api/status
[HTTP] GET /api/mobile/summary
[HTTP] GET /api/status
[HTTP] GET /api/status
[HTTP] GET /api/training/status
[HTTP] GET /api/training/metrics
[HTTP] GET /api/training/eval_summary
[HTTP] GET /api/training/data_quality
[HTTP] GET /api/training/tool_dataset_summary
[HTTP] GET /api/tasks
[HTTP] GET /api/skills
[HTTP] GET /api/training/status
[HTTP] GET /api/status
[HTTP] GET /api/training/architecture_status
[HTTP] GET /api/system/events
[HTTP] GET /api/mobile/summary
[HTTP] GET /api/training/cloud_readiness
[HTTP] GET /api/status
[HTTP] GET /api/status
[HTTP] GET /api/status
[HTTP] GET /api/status
[HTTP] GET /api/status
[HTTP] GET /api/mobile/summary
[HTTP] GET /api/training/status
[HTTP] GET /api/training/metrics
[HTTP] GET /api/training/eval_summary
[HTTP] GET /api/training/data_quality
[HTTP] GET /api/training/tool_dataset_summary
[HTTP] GET /api/tasks
[HTTP] GET /api/skills
[HTTP] GET /api/status
[HTTP] GET /api/training/architecture_status
[HTTP] GET /api/system/events
[HTTP] GET /api/training/cloud_readiness
[HTTP] GET /api/training/status
[HTTP] GET /api/status
[HTTP] GET /api/status
[HTTP] GET /api/status
[HTTP] GET /api/mobile/summary
[HTTP] GET /api/status
[HTTP] GET /api/training/status
[HTTP] GET /api/training/metrics
[HTTP] GET /api/training/eval_summary
[HTTP] GET /api/training/data_quality
[HTTP] GET /api/training/tool_dataset_summary
[HTTP] GET /api/tasks
[HTTP] GET /api/skills
[HTTP] GET /api/training/cloud_readiness
[HTTP] GET /api/status
[HTTP] GET /api/training/architecture_status
[HTTP] GET /api/system/events
[HTTP] GET /api/training/status
[HTTP] GET /api/status
[HTTP] GET /api/status
[HTTP] GET /api/status
[HTTP] GET /api/mobile/summary
