============================================================
  LIGHT TRAINING SESSION
  Duration: 2 hours, with memory management
============================================================
[2025-12-27T13:09:38] session_start

========================================
  CYCLE 1
  Time remaining: 119 min
========================================
[2025-12-27T13:09:38] memory_check

🌊 Running WaveCore loops...
[2025-12-27T13:11:16] wavecore
📦 Running CMS compaction...
[2025-12-27T13:11:16] cms_compact

⏳ Waiting 10 minutes until next cycle...

========================================
  CYCLE 2
  Time remaining: 108 min
========================================
[2025-12-27T13:21:16] memory_check

🌊 Running WaveCore loops...
[2025-12-27T13:22:24] wavecore
📦 Running CMS compaction...
[2025-12-27T13:22:24] cms_compact

⏳ Waiting 10 minutes until next cycle...

========================================
  CYCLE 3
  Time remaining: 97 min
========================================
[2025-12-27T13:32:24] memory_check

🌊 Running WaveCore loops...
[2025-12-27T13:33:34] wavecore
📦 Running CMS compaction...
[2025-12-27T13:33:34] cms_compact

⏳ Waiting 10 minutes until next cycle...

========================================
  CYCLE 4
  Time remaining: 86 min
========================================
[2025-12-27T13:43:34] memory_check

🌊 Running WaveCore loops...
[2025-12-27T13:45:20] wavecore
📦 Running CMS compaction...
[2025-12-27T13:45:20] cms_compact

⏳ Waiting 10 minutes until next cycle...

========================================
  CYCLE 5
  Time remaining: 74 min
========================================
[2025-12-27T13:55:20] memory_check
⚠️  Memory pressure detected, running cleanup...

========================================
  CYCLE 6
  Time remaining: 73 min
========================================
[2025-12-27T13:55:50] memory_check

🌊 Running WaveCore loops...
[2025-12-27T13:57:33] wavecore
📦 Running CMS compaction...
[2025-12-27T13:57:33] cms_compact

⏳ Waiting 10 minutes until next cycle...

========================================
  CYCLE 7
  Time remaining: 62 min
========================================
[2025-12-27T14:07:33] memory_check
⚠️  Memory pressure detected, running cleanup...

========================================
  CYCLE 8
  Time remaining: 61 min
========================================
[2025-12-27T14:08:03] memory_check
⚠️  Memory pressure detected, running cleanup...

========================================
  CYCLE 9
  Time remaining: 61 min
========================================
[2025-12-27T14:08:33] memory_check
⚠️  Memory pressure detected, running cleanup...

========================================
  CYCLE 10
  Time remaining: 60 min
========================================
[2025-12-27T14:09:03] memory_check
⚠️  Memory pressure detected, running cleanup...

========================================
  CYCLE 11
  Time remaining: 60 min
========================================
[2025-12-27T14:09:33] memory_check
⚠️  Memory pressure detected, running cleanup...

========================================
  CYCLE 12
  Time remaining: 59 min
========================================
[2025-12-27T14:10:03] memory_check
⚠️  Memory pressure detected, running cleanup...

========================================
  CYCLE 13
  Time remaining: 59 min
========================================
[2025-12-27T14:10:33] memory_check
⚠️  Memory pressure detected, running cleanup...

========================================
  CYCLE 14
  Time remaining: 58 min
========================================
[2025-12-27T14:11:03] memory_check
⚠️  Memory pressure detected, running cleanup...

========================================
  CYCLE 15
  Time remaining: 58 min
========================================
[2025-12-27T14:11:33] memory_check
⚠️  Memory pressure detected, running cleanup...

========================================
  CYCLE 16
  Time remaining: 57 min
========================================
[2025-12-27T14:12:04] memory_check
⚠️  Memory pressure detected, running cleanup...

========================================
  CYCLE 17
  Time remaining: 57 min
========================================
[2025-12-27T14:12:34] memory_check
⚠️  Memory pressure detected, running cleanup...

========================================
  CYCLE 18
  Time remaining: 56 min
========================================
[2025-12-27T14:13:04] memory_check
⚠️  Memory pressure detected, running cleanup...

========================================
  CYCLE 19
  Time remaining: 56 min
========================================
[2025-12-27T14:13:34] memory_check
⚠️  Memory pressure detected, running cleanup...

========================================
  CYCLE 20
  Time remaining: 55 min
========================================
[2025-12-27T14:14:04] memory_check
⚠️  Memory pressure detected, running cleanup...

========================================
  CYCLE 21
  Time remaining: 55 min
========================================
[2025-12-27T14:14:34] memory_check
⚠️  Memory pressure detected, running cleanup...

========================================
  CYCLE 22
  Time remaining: 54 min
========================================
[2025-12-27T14:15:04] memory_check
⚠️  Memory pressure detected, running cleanup...

========================================
  CYCLE 23
  Time remaining: 54 min
========================================
[2025-12-27T14:15:34] memory_check
⚠️  Memory pressure detected, running cleanup...

========================================
  CYCLE 24
  Time remaining: 53 min
========================================
[2025-12-27T14:16:04] memory_check
⚠️  Memory pressure detected, running cleanup...

========================================
  CYCLE 25
  Time remaining: 53 min
========================================
[2025-12-27T14:16:34] memory_check
⚠️  Memory pressure detected, running cleanup...

========================================
  CYCLE 26
  Time remaining: 52 min
========================================
[2025-12-27T14:17:04] memory_check
⚠️  Memory pressure detected, running cleanup...

========================================
  CYCLE 27
  Time remaining: 52 min
========================================
[2025-12-27T14:17:34] memory_check
⚠️  Memory pressure detected, running cleanup...

========================================
  CYCLE 28
  Time remaining: 51 min
========================================
[2025-12-27T14:18:04] memory_check
⚠️  Memory pressure detected, running cleanup...

========================================
  CYCLE 29
  Time remaining: 51 min
========================================
[2025-12-27T14:18:34] memory_check
⚠️  Memory pressure detected, running cleanup...

========================================
  CYCLE 30
  Time remaining: 50 min
========================================
[2025-12-27T14:19:04] memory_check
⚠️  Memory pressure detected, running cleanup...

========================================
  CYCLE 31
  Time remaining: 50 min
========================================
[2025-12-27T14:19:34] memory_check
⚠️  Memory pressure detected, running cleanup...

========================================
  CYCLE 32
  Time remaining: 49 min
========================================
[2025-12-27T14:20:04] memory_check
⚠️  Memory pressure detected, running cleanup...

========================================
  CYCLE 33
  Time remaining: 49 min
========================================
[2025-12-27T14:20:34] memory_check
⚠️  Memory pressure detected, running cleanup...

========================================
  CYCLE 34
  Time remaining: 48 min
========================================
[2025-12-27T14:21:04] memory_check
⚠️  Memory pressure detected, running cleanup...

========================================
  CYCLE 35
  Time remaining: 48 min
========================================
[2025-12-27T14:21:34] memory_check
⚠️  Memory pressure detected, running cleanup...

========================================
  CYCLE 36
  Time remaining: 47 min
========================================
[2025-12-27T14:22:04] memory_check
⚠️  Memory pressure detected, running cleanup...

========================================
  CYCLE 37
  Time remaining: 47 min
========================================
[2025-12-27T14:22:34] memory_check
⚠️  Memory pressure detected, running cleanup...

========================================
  CYCLE 38
  Time remaining: 46 min
========================================
[2025-12-27T14:23:04] memory_check
⚠️  Memory pressure detected, running cleanup...

========================================
  CYCLE 39
  Time remaining: 46 min
========================================
[2025-12-27T14:23:34] memory_check
⚠️  Memory pressure detected, running cleanup...

========================================
  CYCLE 40
  Time remaining: 45 min
========================================
[2025-12-27T14:24:04] memory_check
⚠️  Memory pressure detected, running cleanup...

========================================
  CYCLE 41
  Time remaining: 45 min
========================================
[2025-12-27T14:24:34] memory_check
⚠️  Memory pressure detected, running cleanup...

========================================
  CYCLE 42
  Time remaining: 44 min
========================================
[2025-12-27T14:25:04] memory_check
⚠️  Memory pressure detected, running cleanup...

========================================
  CYCLE 43
  Time remaining: 44 min
========================================
[2025-12-27T14:25:34] memory_check
⚠️  Memory pressure detected, running cleanup...

========================================
  CYCLE 44
  Time remaining: 43 min
========================================
[2025-12-27T14:26:04] memory_check
⚠️  Memory pressure detected, running cleanup...

========================================
  CYCLE 45
  Time remaining: 43 min
========================================
[2025-12-27T14:26:34] memory_check
⚠️  Memory pressure detected, running cleanup...

========================================
  CYCLE 46
  Time remaining: 42 min
========================================
[2025-12-27T14:27:04] memory_check
⚠️  Memory pressure detected, running cleanup...

========================================
  CYCLE 47
  Time remaining: 42 min
========================================
[2025-12-27T14:27:34] memory_check
⚠️  Memory pressure detected, running cleanup...

========================================
  CYCLE 48
  Time remaining: 41 min
========================================
[2025-12-27T14:28:04] memory_check
⚠️  Memory pressure detected, running cleanup...

========================================
  CYCLE 49
  Time remaining: 41 min
========================================
[2025-12-27T14:28:34] memory_check
⚠️  Memory pressure detected, running cleanup...

========================================
  CYCLE 50
  Time remaining: 40 min
========================================
[2025-12-27T14:29:04] memory_check
⚠️  Memory pressure detected, running cleanup...

========================================
  CYCLE 51
  Time remaining: 40 min
========================================
[2025-12-27T14:29:34] memory_check
⚠️  Memory pressure detected, running cleanup...

========================================
  CYCLE 52
  Time remaining: 39 min
========================================
[2025-12-27T14:30:04] memory_check
⚠️  Memory pressure detected, running cleanup...

========================================
  CYCLE 53
  Time remaining: 39 min
========================================
[2025-12-27T14:30:34] memory_check
⚠️  Memory pressure detected, running cleanup...

========================================
  CYCLE 54
  Time remaining: 38 min
========================================
[2025-12-27T14:31:04] memory_check
⚠️  Memory pressure detected, running cleanup...

========================================
  CYCLE 55
  Time remaining: 38 min
========================================
[2025-12-27T14:31:34] memory_check
⚠️  Memory pressure detected, running cleanup...

========================================
  CYCLE 56
  Time remaining: 37 min
========================================
[2025-12-27T14:32:05] memory_check
⚠️  Memory pressure detected, running cleanup...

========================================
  CYCLE 57
  Time remaining: 37 min
========================================
[2025-12-27T14:32:35] memory_check
⚠️  Memory pressure detected, running cleanup...

========================================
  CYCLE 58
  Time remaining: 36 min
========================================
[2025-12-27T14:33:05] memory_check
⚠️  Memory pressure detected, running cleanup...

========================================
  CYCLE 59
  Time remaining: 36 min
========================================
[2025-12-27T14:33:35] memory_check
⚠️  Memory pressure detected, running cleanup...

========================================
  CYCLE 60
  Time remaining: 35 min
========================================
[2025-12-27T14:34:05] memory_check
⚠️  Memory pressure detected, running cleanup...

========================================
  CYCLE 61
  Time remaining: 35 min
========================================
[2025-12-27T14:34:35] memory_check
⚠️  Memory pressure detected, running cleanup...

========================================
  CYCLE 62
  Time remaining: 34 min
========================================
[2025-12-27T14:35:05] memory_check
⚠️  Memory pressure detected, running cleanup...

========================================
  CYCLE 63
  Time remaining: 34 min
========================================
[2025-12-27T14:35:35] memory_check
⚠️  Memory pressure detected, running cleanup...

========================================
  CYCLE 64
  Time remaining: 33 min
========================================
[2025-12-27T14:36:05] memory_check
⚠️  Memory pressure detected, running cleanup...

========================================
  CYCLE 65
  Time remaining: 33 min
========================================
[2025-12-27T14:36:35] memory_check
⚠️  Memory pressure detected, running cleanup...

========================================
  CYCLE 66
  Time remaining: 32 min
========================================
[2025-12-27T14:37:05] memory_check
⚠️  Memory pressure detected, running cleanup...

========================================
  CYCLE 67
  Time remaining: 32 min
========================================
[2025-12-27T14:37:35] memory_check
⚠️  Memory pressure detected, running cleanup...

========================================
  CYCLE 68
  Time remaining: 31 min
========================================
[2025-12-27T14:38:05] memory_check
⚠️  Memory pressure detected, running cleanup...

========================================
  CYCLE 69
  Time remaining: 31 min
========================================
[2025-12-27T14:38:35] memory_check
⚠️  Memory pressure detected, running cleanup...

========================================
  CYCLE 70
  Time remaining: 30 min
========================================
[2025-12-27T14:39:05] memory_check
⚠️  Memory pressure detected, running cleanup...

========================================
  CYCLE 71
  Time remaining: 30 min
========================================
[2025-12-27T14:39:35] memory_check
⚠️  Memory pressure detected, running cleanup...

========================================
  CYCLE 72
  Time remaining: 29 min
========================================
[2025-12-27T14:40:05] memory_check
⚠️  Memory pressure detected, running cleanup...

========================================
  CYCLE 73
  Time remaining: 29 min
========================================
[2025-12-27T14:40:35] memory_check
⚠️  Memory pressure detected, running cleanup...

========================================
  CYCLE 74
  Time remaining: 28 min
========================================
[2025-12-27T14:41:05] memory_check
⚠️  Memory pressure detected, running cleanup...

========================================
  CYCLE 75
  Time remaining: 28 min
========================================
[2025-12-27T14:41:35] memory_check
⚠️  Memory pressure detected, running cleanup...

========================================
  CYCLE 76
  Time remaining: 27 min
========================================
[2025-12-27T14:42:05] memory_check
⚠️  Memory pressure detected, running cleanup...

========================================
  CYCLE 77
  Time remaining: 27 min
========================================
[2025-12-27T14:42:35] memory_check
⚠️  Memory pressure detected, running cleanup...

========================================
  CYCLE 78
  Time remaining: 26 min
========================================
[2025-12-27T14:43:05] memory_check
⚠️  Memory pressure detected, running cleanup...

========================================
  CYCLE 79
  Time remaining: 26 min
========================================
[2025-12-27T14:43:35] memory_check
⚠️  Memory pressure detected, running cleanup...

========================================
  CYCLE 80
  Time remaining: 25 min
========================================
[2025-12-27T14:44:05] memory_check
⚠️  Memory pressure detected, running cleanup...

========================================
  CYCLE 81
  Time remaining: 25 min
========================================
[2025-12-27T14:44:35] memory_check
⚠️  Memory pressure detected, running cleanup...

========================================
  CYCLE 82
  Time remaining: 24 min
========================================
[2025-12-27T14:45:05] memory_check
⚠️  Memory pressure detected, running cleanup...

========================================
  CYCLE 83
  Time remaining: 24 min
========================================
[2025-12-27T14:45:35] memory_check
⚠️  Memory pressure detected, running cleanup...

========================================
  CYCLE 84
  Time remaining: 23 min
========================================
[2025-12-27T14:46:05] memory_check
⚠️  Memory pressure detected, running cleanup...

========================================
  CYCLE 85
  Time remaining: 23 min
========================================
[2025-12-27T14:46:35] memory_check
⚠️  Memory pressure detected, running cleanup...

========================================
  CYCLE 86
  Time remaining: 22 min
========================================
[2025-12-27T14:47:05] memory_check
⚠️  Memory pressure detected, running cleanup...

========================================
  CYCLE 87
  Time remaining: 22 min
========================================
[2025-12-27T14:47:35] memory_check
⚠️  Memory pressure detected, running cleanup...

========================================
  CYCLE 88
  Time remaining: 21 min
========================================
[2025-12-27T14:48:05] memory_check
⚠️  Memory pressure detected, running cleanup...

========================================
  CYCLE 89
  Time remaining: 21 min
========================================
[2025-12-27T14:48:35] memory_check
⚠️  Memory pressure detected, running cleanup...

========================================
  CYCLE 90
  Time remaining: 20 min
========================================
[2025-12-27T14:49:05] memory_check
⚠️  Memory pressure detected, running cleanup...

========================================
  CYCLE 91
  Time remaining: 20 min
========================================
[2025-12-27T14:49:35] memory_check
⚠️  Memory pressure detected, running cleanup...

========================================
  CYCLE 92
  Time remaining: 19 min
========================================
[2025-12-27T14:50:05] memory_check
⚠️  Memory pressure detected, running cleanup...

========================================
  CYCLE 93
  Time remaining: 19 min
========================================
[2025-12-27T14:50:35] memory_check
⚠️  Memory pressure detected, running cleanup...

========================================
  CYCLE 94
  Time remaining: 18 min
========================================
[2025-12-27T14:51:05] memory_check
⚠️  Memory pressure detected, running cleanup...

========================================
  CYCLE 95
  Time remaining: 18 min
========================================
[2025-12-27T14:51:35] memory_check
⚠️  Memory pressure detected, running cleanup...

========================================
  CYCLE 96
  Time remaining: 17 min
========================================
[2025-12-27T14:52:05] memory_check
⚠️  Memory pressure detected, running cleanup...

========================================
  CYCLE 97
  Time remaining: 17 min
========================================
[2025-12-27T14:52:35] memory_check
⚠️  Memory pressure detected, running cleanup...

========================================
  CYCLE 98
  Time remaining: 16 min
========================================
[2025-12-27T14:53:05] memory_check
⚠️  Memory pressure detected, running cleanup...

========================================
  CYCLE 99
  Time remaining: 16 min
========================================
[2025-12-27T14:53:35] memory_check
⚠️  Memory pressure detected, running cleanup...

========================================
  CYCLE 100
  Time remaining: 15 min
========================================
[2025-12-27T14:54:05] memory_check
⚠️  Memory pressure detected, running cleanup...

========================================
  CYCLE 101
  Time remaining: 15 min
========================================
[2025-12-27T14:54:35] memory_check
⚠️  Memory pressure detected, running cleanup...

========================================
  CYCLE 102
  Time remaining: 14 min
========================================
[2025-12-27T14:55:05] memory_check
⚠️  Memory pressure detected, running cleanup...

========================================
  CYCLE 103
  Time remaining: 14 min
========================================
[2025-12-27T14:55:35] memory_check
⚠️  Memory pressure detected, running cleanup...

========================================
  CYCLE 104
  Time remaining: 13 min
========================================
[2025-12-27T14:56:05] memory_check
⚠️  Memory pressure detected, running cleanup...

========================================
  CYCLE 105
  Time remaining: 13 min
========================================
[2025-12-27T14:56:35] memory_check
⚠️  Memory pressure detected, running cleanup...

========================================
  CYCLE 106
  Time remaining: 12 min
========================================
[2025-12-27T14:57:05] memory_check
⚠️  Memory pressure detected, running cleanup...

========================================
  CYCLE 107
  Time remaining: 12 min
========================================
[2025-12-27T14:57:35] memory_check
⚠️  Memory pressure detected, running cleanup...

========================================
  CYCLE 108
  Time remaining: 11 min
========================================
[2025-12-27T14:58:06] memory_check
⚠️  Memory pressure detected, running cleanup...

========================================
  CYCLE 109
  Time remaining: 11 min
========================================
[2025-12-27T14:58:36] memory_check
⚠️  Memory pressure detected, running cleanup...

========================================
  CYCLE 110
  Time remaining: 10 min
========================================
[2025-12-27T14:59:06] memory_check
⚠️  Memory pressure detected, running cleanup...

========================================
  CYCLE 111
  Time remaining: 10 min
========================================
[2025-12-27T14:59:36] memory_check
⚠️  Memory pressure detected, running cleanup...

========================================
  CYCLE 112
  Time remaining: 9 min
========================================
[2025-12-27T15:00:06] memory_check
⚠️  Memory pressure detected, running cleanup...

========================================
  CYCLE 113
  Time remaining: 9 min
========================================
[2025-12-27T15:00:36] memory_check
⚠️  Memory pressure detected, running cleanup...

========================================
  CYCLE 114
  Time remaining: 8 min
========================================
[2025-12-27T15:01:06] memory_check
⚠️  Memory pressure detected, running cleanup...

========================================
  CYCLE 115
  Time remaining: 8 min
========================================
[2025-12-27T15:01:36] memory_check
⚠️  Memory pressure detected, running cleanup...

========================================
  CYCLE 116
  Time remaining: 7 min
========================================
[2025-12-27T15:02:06] memory_check
⚠️  Memory pressure detected, running cleanup...

========================================
  CYCLE 117
  Time remaining: 7 min
========================================
[2025-12-27T15:02:36] memory_check
⚠️  Memory pressure detected, running cleanup...

========================================
  CYCLE 118
  Time remaining: 6 min
========================================
[2025-12-27T15:03:06] memory_check
⚠️  Memory pressure detected, running cleanup...

========================================
  CYCLE 119
  Time remaining: 6 min
========================================
[2025-12-27T15:03:36] memory_check
⚠️  Memory pressure detected, running cleanup...

========================================
  CYCLE 120
  Time remaining: 5 min
========================================
[2025-12-27T15:04:06] memory_check
⚠️  Memory pressure detected, running cleanup...

========================================
  CYCLE 121
  Time remaining: 5 min
========================================
[2025-12-27T15:04:36] memory_check
⚠️  Memory pressure detected, running cleanup...

========================================
  CYCLE 122
  Time remaining: 4 min
========================================
[2025-12-27T15:05:06] memory_check
⚠️  Memory pressure detected, running cleanup...

========================================
  CYCLE 123
  Time remaining: 4 min
========================================
[2025-12-27T15:05:36] memory_check
⚠️  Memory pressure detected, running cleanup...

========================================
  CYCLE 124
  Time remaining: 3 min
========================================
[2025-12-27T15:06:06] memory_check
⚠️  Memory pressure detected, running cleanup...

========================================
  CYCLE 125
  Time remaining: 3 min
========================================
[2025-12-27T15:06:36] memory_check
⚠️  Memory pressure detected, running cleanup...

========================================
  CYCLE 126
  Time remaining: 2 min
========================================
[2025-12-27T15:07:06] memory_check
⚠️  Memory pressure detected, running cleanup...

========================================
  CYCLE 127
  Time remaining: 2 min
========================================
[2025-12-27T15:07:36] memory_check
⚠️  Memory pressure detected, running cleanup...

========================================
  CYCLE 128
  Time remaining: 1 min
========================================
[2025-12-27T15:08:06] memory_check
⚠️  Memory pressure detected, running cleanup...

========================================
  CYCLE 129
  Time remaining: 1 min
========================================
[2025-12-27T15:08:36] memory_check
⚠️  Memory pressure detected, running cleanup...

========================================
  CYCLE 130
  Time remaining: 0 min
========================================
[2025-12-27T15:09:06] memory_check
⚠️  Memory pressure detected, running cleanup...

========================================
  CYCLE 131
  Time remaining: 0 min
========================================
[2025-12-27T15:09:36] memory_check
⚠️  Memory pressure detected, running cleanup...
[2025-12-27T15:10:06] session_complete

✅ Training complete! 131 cycles finished.
profiling:/usr/src/Python-3.11.10/Modules/getpath.gcda:Cannot open
profiling:/usr/src/Python-3.11.10/Python/deepfreeze/deepfreeze.gcda:Cannot open
profiling:/usr/src/Python-3.11.10/Modules/xxsubtype.gcda:Cannot open
profiling:/usr/src/Python-3.11.10/Modules/pwdmodule.gcda:Cannot open
profiling:/usr/src/Python-3.11.10/Modules/symtablemodule.gcda:Cannot open
profiling:/usr/src/Python-3.11.10/Modules/_stat.gcda:Cannot open
profiling:/usr/src/Python-3.11.10/Modules/_operator.gcda:Cannot open
profiling:/usr/src/Python-3.11.10/Modules/_localemodule.gcda:Cannot open
profiling:/usr/src/Python-3.11.10/Modules/_functoolsmodule.gcda:Cannot open
profiling:/usr/src/Python-3.11.10/Modules/_abc.gcda:Cannot open
profiling:/usr/src/Python-3.11.10/Modules/_weakref.gcda:Cannot open
profiling:/usr/src/Python-3.11.10/Modules/timemodule.gcda:Cannot open
profiling:/usr/src/Python-3.11.10/Modules/_threadmodule.gcda:Cannot open
profiling:/usr/src/Python-3.11.10/Modules/_sre/sre.gcda:Cannot open
profiling:/usr/src/Python-3.11.10/Modules/itertoolsmodule.gcda:Cannot open
profiling:/usr/src/Python-3.11.10/Modules/_io/stringio.gcda:Cannot open
profiling:/usr/src/Python-3.11.10/Modules/_io/textio.gcda:Cannot open
profiling:/usr/src/Python-3.11.10/Modules/_io/bufferedio.gcda:Cannot open
profiling:/usr/src/Python-3.11.10/Modules/_io/bytesio.gcda:Cannot open
profiling:/usr/src/Python-3.11.10/Modules/_io/fileio.gcda:Cannot open
profiling:/usr/src/Python-3.11.10/Modules/_io/iobase.gcda:Cannot open
profiling:/usr/src/Python-3.11.10/Modules/_io/_iomodule.gcda:Cannot open
profiling:/usr/src/Python-3.11.10/Modules/errnomodule.gcda:Cannot open
profiling:/usr/src/Python-3.11.10/Modules/_collectionsmodule.gcda:Cannot open
profiling:/usr/src/Python-3.11.10/Modules/_codecsmodule.gcda:Cannot open
profiling:/usr/src/Python-3.11.10/Modules/_tracemalloc.gcda:Cannot open
profiling:/usr/src/Python-3.11.10/Modules/signalmodule.gcda:Cannot open
profiling:/usr/src/Python-3.11.10/Modules/posixmodule.gcda:Cannot open
profiling:/usr/src/Python-3.11.10/Modules/faulthandler.gcda:Cannot open
profiling:/usr/src/Python-3.11.10/Modules/atexitmodule.gcda:Cannot open
profiling:/usr/src/Python-3.11.10/Modules/gcmodule.gcda:Cannot open
profiling:/usr/src/Python-3.11.10/Modules/main.gcda:Cannot open
profiling:/usr/src/Python-3.11.10/Python/dynload_shlib.gcda:Cannot open
profiling:/usr/src/Python-3.11.10/Python/suggestions.gcda:Cannot open
profiling:/usr/src/Python-3.11.10/Python/fileutils.gcda:Cannot open
profiling:/usr/src/Python-3.11.10/Python/formatter_unicode.gcda:Cannot open
profiling:/usr/src/Python-3.11.10/Python/dtoa.gcda:Cannot open
profiling:/usr/src/Python-3.11.10/Python/pystrhex.gcda:Cannot open
profiling:/usr/src/Python-3.11.10/Python/pystrtod.gcda:Cannot open
profiling:/usr/src/Python-3.11.10/Python/pystrcmp.gcda:Cannot open
profiling:/usr/src/Python-3.11.10/Python/getopt.gcda:Cannot open
profiling:/usr/src/Python-3.11.10/Python/traceback.gcda:Cannot open
profiling:/usr/src/Python-3.11.10/Python/thread.gcda:Cannot open
profiling:/usr/src/Python-3.11.10/Python/sysmodule.gcda:Cannot open
profiling:/usr/src/Python-3.11.10/Python/symtable.gcda:Cannot open
profiling:/usr/src/Python-3.11.10/Python/structmember.gcda:Cannot open
profiling:/usr/src/Python-3.11.10/Python/specialize.gcda:Cannot open
profiling:/usr/src/Python-3.11.10/Python/bootstrap_hash.gcda:Cannot open
profiling:/usr/src/Python-3.11.10/Python/pytime.gcda:Cannot open
profiling:/usr/src/Python-3.11.10/Python/pythonrun.gcda:Cannot open
profiling:/usr/src/Python-3.11.10/Python/pystate.gcda:Cannot open
profiling:/usr/src/Python-3.11.10/Python/pylifecycle.gcda:Cannot open
profiling:/usr/src/Python-3.11.10/Python/pyhash.gcda:Cannot open
profiling:/usr/src/Python-3.11.10/Python/pyfpe.gcda:Cannot open
profiling:/usr/src/Python-3.11.10/Python/pyarena.gcda:Cannot open
profiling:/usr/src/Python-3.11.10/Python/preconfig.gcda:Cannot open
profiling:/usr/src/Python-3.11.10/Python/pathconfig.gcda:Cannot open
profiling:/usr/src/Python-3.11.10/Python/mystrtoul.gcda:Cannot open
profiling:/usr/src/Python-3.11.10/Python/mysnprintf.gcda:Cannot open
profiling:/usr/src/Python-3.11.10/Python/modsupport.gcda:Cannot open
profiling:/usr/src/Python-3.11.10/Python/marshal.gcda:Cannot open
profiling:/usr/src/Python-3.11.10/Python/initconfig.gcda:Cannot open
profiling:/usr/src/Python-3.11.10/Python/importdl.gcda:Cannot open
profiling:/usr/src/Python-3.11.10/Python/import.gcda:Cannot open
profiling:/usr/src/Python-3.11.10/Python/hashtable.gcda:Cannot open
profiling:/usr/src/Python-3.11.10/Python/hamt.gcda:Cannot open
profiling:/usr/src/Python-3.11.10/Python/getversion.gcda:Cannot open
profiling:/usr/src/Python-3.11.10/Python/getplatform.gcda:Cannot open
profiling:/usr/src/Python-3.11.10/Python/getcopyright.gcda:Cannot open
profiling:/usr/src/Python-3.11.10/Python/getcompiler.gcda:Cannot open
profiling:/usr/src/Python-3.11.10/Python/getargs.gcda:Cannot open
profiling:/usr/src/Python-3.11.10/Python/future.gcda:Cannot open
profiling:/usr/src/Python-3.11.10/Python/frozenmain.gcda:Cannot open
profiling:/usr/src/Python-3.11.10/Python/frame.gcda:Cannot open
profiling:/usr/src/Python-3.11.10/Python/errors.gcda:Cannot open
profiling:/usr/src/Python-3.11.10/Python/context.gcda:Cannot open
profiling:/usr/src/Python-3.11.10/Python/compile.gcda:Cannot open
profiling:/usr/src/Python-3.11.10/Python/codecs.gcda:Cannot open
profiling:/usr/src/Python-3.11.10/Python/ceval.gcda:Cannot open
profiling:/usr/src/Python-3.11.10/Python/bltinmodule.gcda:Cannot open
profiling:/usr/src/Python-3.11.10/Python/ast_unparse.gcda:Cannot open
profiling:/usr/src/Python-3.11.10/Python/ast_opt.gcda:Cannot open
profiling:/usr/src/Python-3.11.10/Python/ast.gcda:Cannot open
profiling:/usr/src/Python-3.11.10/Python/asdl.gcda:Cannot open
profiling:/usr/src/Python-3.11.10/Python/Python-tokenize.gcda:Cannot open
profiling:/usr/src/Python-3.11.10/Python/Python-ast.gcda:Cannot open
profiling:/usr/src/Python-3.11.10/Python/_warnings.gcda:Cannot open
profiling:/usr/src/Python-3.11.10/Objects/weakrefobject.gcda:Cannot open
profiling:/usr/src/Python-3.11.10/Objects/unionobject.gcda:Cannot open
profiling:/usr/src/Python-3.11.10/Objects/unicodectype.gcda:Cannot open
profiling:/usr/src/Python-3.11.10/Objects/unicodeobject.gcda:Cannot open
profiling:/usr/src/Python-3.11.10/Objects/typeobject.gcda:Cannot open
profiling:/usr/src/Python-3.11.10/Objects/tupleobject.gcda:Cannot open
profiling:/usr/src/Python-3.11.10/Objects/structseq.gcda:Cannot open
profiling:/usr/src/Python-3.11.10/Objects/sliceobject.gcda:Cannot open
profiling:/usr/src/Python-3.11.10/Objects/setobject.gcda:Cannot open
profiling:/usr/src/Python-3.11.10/Objects/rangeobject.gcda:Cannot open
profiling:/usr/src/Python-3.11.10/Objects/picklebufobject.gcda:Cannot open
profiling:/usr/src/Python-3.11.10/Objects/obmalloc.gcda:Cannot open
profiling:/usr/src/Python-3.11.10/Objects/object.gcda:Cannot open
profiling:/usr/src/Python-3.11.10/Objects/namespaceobject.gcda:Cannot open
profiling:/usr/src/Python-3.11.10/Objects/moduleobject.gcda:Cannot open
profiling:/usr/src/Python-3.11.10/Objects/methodobject.gcda:Cannot open
profiling:/usr/src/Python-3.11.10/Objects/memoryobject.gcda:Cannot open
profiling:/usr/src/Python-3.11.10/Objects/odictobject.gcda:Cannot open
profiling:/usr/src/Python-3.11.10/Objects/dictobject.gcda:Cannot open
profiling:/usr/src/Python-3.11.10/Objects/longobject.gcda:Cannot open
profiling:/usr/src/Python-3.11.10/Objects/listobject.gcda:Cannot open
profiling:/usr/src/Python-3.11.10/Objects/iterobject.gcda:Cannot open
profiling:/usr/src/Python-3.11.10/Objects/interpreteridobject.gcda:Cannot open
profiling:/usr/src/Python-3.11.10/Objects/funcobject.gcda:Cannot open
profiling:/usr/src/Python-3.11.10/Objects/frameobject.gcda:Cannot open
profiling:/usr/src/Python-3.11.10/Objects/floatobject.gcda:Cannot open
profiling:/usr/src/Python-3.11.10/Objects/fileobject.gcda:Cannot open
profiling:/usr/src/Python-3.11.10/Objects/genobject.gcda:Cannot open
profiling:/usr/src/Python-3.11.10/Objects/genericaliasobject.gcda:Cannot open
profiling:/usr/src/Python-3.11.10/Objects/exceptions.gcda:Cannot open
profiling:/usr/src/Python-3.11.10/Objects/enumobject.gcda:Cannot open
profiling:/usr/src/Python-3.11.10/Objects/descrobject.gcda:Cannot open
profiling:/usr/src/Python-3.11.10/Objects/complexobject.gcda:Cannot open
profiling:/usr/src/Python-3.11.10/Objects/codeobject.gcda:Cannot open
profiling:/usr/src/Python-3.11.10/Objects/classobject.gcda:Cannot open
profiling:/usr/src/Python-3.11.10/Objects/cellobject.gcda:Cannot open
profiling:/usr/src/Python-3.11.10/Objects/capsule.gcda:Cannot open
profiling:/usr/src/Python-3.11.10/Objects/call.gcda:Cannot open
profiling:/usr/src/Python-3.11.10/Objects/bytesobject.gcda:Cannot open
profiling:/usr/src/Python-3.11.10/Objects/bytearrayobject.gcda:Cannot open
profiling:/usr/src/Python-3.11.10/Objects/bytes_methods.gcda:Cannot open
profiling:/usr/src/Python-3.11.10/Objects/boolobject.gcda:Cannot open
profiling:/usr/src/Python-3.11.10/Objects/accu.gcda:Cannot open
profiling:/usr/src/Python-3.11.10/Objects/abstract.gcda:Cannot open
profiling:/usr/src/Python-3.11.10/Parser/tokenizer.gcda:Cannot open
profiling:/usr/src/Python-3.11.10/Parser/myreadline.gcda:Cannot open
profiling:/usr/src/Python-3.11.10/Parser/peg_api.gcda:Cannot open
profiling:/usr/src/Python-3.11.10/Parser/string_parser.gcda:Cannot open
profiling:/usr/src/Python-3.11.10/Parser/parser.gcda:Cannot open
profiling:/usr/src/Python-3.11.10/Parser/action_helpers.gcda:Cannot open
profiling:/usr/src/Python-3.11.10/Parser/pegen_errors.gcda:Cannot open
profiling:/usr/src/Python-3.11.10/Parser/pegen.gcda:Cannot open
profiling:/usr/src/Python-3.11.10/Parser/token.gcda:Cannot open
profiling:/usr/src/Python-3.11.10/Modules/getbuildinfo.gcda:Cannot open
profiling:/usr/src/Python-3.11.10/Programs/python.gcda:Cannot open
